<?xml version="1.0" encoding="UTF-8"?>
<!-- Generated by org.testng.reporters.JUnitReportReporter -->
<testsuite skipped="0" hostname="MININT-MO2L6EH" name="SimpleTests" tests="3" failures="0" timestamp="2020-06-22T23:56:24 EEST" time="0.010" errors="0">
  <testcase name="test_check1" time="0.005" classname="SimpleTests"/>
  <system-out/>
  <testcase name="test_check2" time="0.005" classname="SimpleTests"/>
  <system-out/>
  <testcase name="test_check3" time="0.000" classname="SimpleTests"/>
  <system-out/>
</testsuite> <!-- SimpleTests -->
