<?xml version="1.0" encoding="UTF-8"?>
<!-- Generated by org.testng.reporters.JUnitReportReporter -->
<testsuite skipped="0" hostname="MININT-MO2L6EH" name="GoToGoogleStartPageTest" tests="1" failures="0" timestamp="2020-06-22T23:56:24 EEST" time="9.993" errors="0">
  <testcase name="goToGoogle" time="9.993" classname="GoToGoogleStartPageTest"/>
  <system-out/>
</testsuite> <!-- GoToGoogleStartPageTest -->
